<?xml version="1.0" encoding="UTF-8"?>
<!-- Generated by org.testng.reporters.JUnitReportReporter -->
<testsuite hostname="DESKTOP-BSS5US9" failures="0" tests="5" name="com.ECommerce.EcommerceFF_TestNg" time="77.412" errors="0" timestamp="2024-01-11T10:16:29 IST" skipped="0">
  <testcase classname="com.ECommerce.EcommerceFF_TestNg" name="LauchBrowser" time="17.803"/>
  <system-out/>
  <testcase classname="com.ECommerce.EcommerceFF_TestNg" name="ValidateFlipKartLogin" time="20.661"/>
  <system-out/>
  <testcase classname="com.ECommerce.EcommerceFF_TestNg" name="ValidateProductSearchPage" time="18.883"/>
  <system-out/>
  <testcase classname="com.ECommerce.EcommerceFF_TestNg" name="ValidateProductDescriptionPage" time="16.849"/>
  <system-out/>
  <testcase classname="com.ECommerce.EcommerceFF_TestNg" name="ValidateDeliveryInformationPage" time="3.216"/>
  <system-out/>
</testsuite> <!-- com.ECommerce.EcommerceFF_TestNg -->
