<?xml version="1.0" encoding="UTF-8"?>
<!-- Generated by org.testng.reporters.JUnitReportReporter -->
<testsuite hostname="DESKTOP-BSS5US9" failures="0" tests="1" name="com.WebSiteTesting.NewTest" time="27.245" errors="0" timestamp="2024-01-13T16:02:21 IST" skipped="0">
  <testcase classname="com.WebSiteTesting.NewTest" name="RegisterScreenTest" time="27.245"/>
  <system-out/>
</testsuite> <!-- com.WebSiteTesting.NewTest -->
