<?xml version="1.0" encoding="UTF-8"?>
<!-- Generated by org.testng.reporters.JUnitReportReporter -->
<testsuite hostname="DESKTOP-BSS5US9" failures="0" tests="4" name="com.ECommerce.EcomSite_DataCollection" time="40.650" errors="0" timestamp="2024-01-12T15:00:17 IST" skipped="0">
  <testcase classname="com.ECommerce.EcomSite_DataCollection" name="LauchBrowser" time="15.946"/>
  <system-out/>
  <testcase classname="com.ECommerce.EcomSite_DataCollection" name="ValidateFlipKartSearch" time="13.675"/>
  <system-out/>
  <testcase classname="com.ECommerce.EcomSite_DataCollection" name="testResult" time="0.708"/>
  <system-out/>
  <testcase classname="com.ECommerce.EcomSite_DataCollection" name="write_Excel" time="10.321"/>
  <system-out/>
</testsuite> <!-- com.ECommerce.EcomSite_DataCollection -->
