<?xml version="1.0" encoding="UTF-8"?>
<!-- Generated by org.testng.reporters.JUnitReportReporter -->
<testsuite hostname="DESKTOP-BSS5US9" failures="0" tests="1" name="com.EcommerceSiteAutomate.AutomateFlipkart" time="27.449" errors="0" timestamp="2023-12-25T18:04:12 IST" skipped="0">
  <testcase classname="com.EcommerceSiteAutomate.AutomateFlipkart" name="LauchBrowser" time="27.449"/>
  <system-out/>
</testsuite> <!-- com.EcommerceSiteAutomate.AutomateFlipkart -->
