<?xml version="1.0" encoding="UTF-8"?>
<!-- Generated by org.testng.reporters.JUnitReportReporter -->
<testsuite hostname="DESKTOP-BSS5US9" failures="0" tests="5" name="com.ECommerce.Ecommerce_TestNg" time="59.335" errors="0" timestamp="2024-01-03T19:21:10 IST" skipped="0">
  <testcase classname="com.ECommerce.Ecommerce_TestNg" name="LauchBrowser" time="12.732"/>
  <system-out/>
  <testcase classname="com.ECommerce.Ecommerce_TestNg" name="ValidateFlipKartLogin" time="19.183"/>
  <system-out/>
  <testcase classname="com.ECommerce.Ecommerce_TestNg" name="ValidateProductSearchPage" time="6.753"/>
  <system-out/>
  <testcase classname="com.ECommerce.Ecommerce_TestNg" name="ValidateProductDescriptionPage" time="16.419"/>
  <system-out/>
  <testcase classname="com.ECommerce.Ecommerce_TestNg" name="ValidateDeliveryInformationPage" time="4.248"/>
  <system-out/>
</testsuite> <!-- com.ECommerce.Ecommerce_TestNg -->
