<?xml version="1.0" encoding="UTF-8"?>
<!-- Generated by org.testng.reporters.JUnitReportReporter -->
<testsuite hostname="DESKTOP-BSS5US9" failures="0" tests="9" name="com.WebSiteTesting.WebTesting" time="11.599" errors="0" timestamp="2024-01-18T19:37:49 IST" skipped="8">
  <testcase classname="com.WebSiteTesting.WebTesting" name="DatePicker" time="11.599"/>
  <system-out/>
  <testcase classname="com.WebSiteTesting.WebTesting" name="AlertWindow">
    <skipped/>
  </testcase> <!-- AlertWindow -->
  <system-out/>
  <testcase classname="com.WebSiteTesting.WebTesting" name="RegisterScreenTest">
    <skipped/>
  </testcase> <!-- RegisterScreenTest -->
  <system-out/>
  <testcase classname="com.WebSiteTesting.WebTesting" name="LoginTest">
    <skipped/>
  </testcase> <!-- LoginTest -->
  <system-out/>
  <testcase classname="com.WebSiteTesting.WebTesting" name="Resizable">
    <skipped/>
  </testcase> <!-- Resizable -->
  <system-out/>
  <testcase classname="com.WebSiteTesting.WebTesting" name="RadioAndCheckBoxValidate">
    <skipped/>
  </testcase> <!-- RadioAndCheckBoxValidate -->
  <system-out/>
  <testcase classname="com.WebSiteTesting.WebTesting" name="DragAndDrop">
    <skipped/>
  </testcase> <!-- DragAndDrop -->
  <system-out/>
  <testcase classname="com.WebSiteTesting.WebTesting" name="Slider">
    <skipped/>
  </testcase> <!-- Slider -->
  <system-out/>
  <testcase classname="com.WebSiteTesting.WebTesting" name="SwitchingToFrame">
    <skipped/>
  </testcase> <!-- SwitchingToFrame -->
  <system-out/>
</testsuite> <!-- com.WebSiteTesting.WebTesting -->
